{"/Users/saeednajafi/Desktop/Development/redux/reduxtoolkitcourse/src/math.js": {"path":"/Users/saeednajafi/Desktop/Development/redux/reduxtoolkitcourse/src/math.js","statementMap":{"0":{"start":{"line":1,"column":22},"end":{"line":1,"column":48}},"1":{"start":{"line":1,"column":32},"end":{"line":1,"column":48}}},"fnMap":{"0":{"name":"(anonymous_0)","decl":{"start":{"line":1,"column":22},"end":{"line":1,"column":23}},"loc":{"start":{"line":1,"column":32},"end":{"line":1,"column":48}},"line":1}},"branchMap":{},"s":{"0":1,"1":2},"f":{"0":2},"b":{},"_coverageSchema":"1a1c01bbd47fc00a2c39e90264f33305004495a9","hash":"a7d468fb4e699771ea2188ab0e9620eedfd23b65"}
,"/Users/saeednajafi/Desktop/Development/redux/reduxtoolkitcourse/src/store/api.js": {"path":"/Users/saeednajafi/Desktop/Development/redux/reduxtoolkitcourse/src/store/api.js","statementMap":{"0":{"start":{"line":3,"column":28},"end":{"line":3,"column":56}},"1":{"start":{"line":4,"column":30},"end":{"line":4,"column":60}},"2":{"start":{"line":5,"column":29},"end":{"line":5,"column":58}}},"fnMap":{},"branchMap":{},"s":{"0":1,"1":1,"2":1},"f":{},"b":{},"_coverageSchema":"1a1c01bbd47fc00a2c39e90264f33305004495a9","hash":"c5f9c51e83b0013114ba4da28e36a6b8a8927874"}
,"/Users/saeednajafi/Desktop/Development/redux/reduxtoolkitcourse/src/store/bugSlice.js": {"path":"/Users/saeednajafi/Desktop/Development/redux/reduxtoolkitcourse/src/store/bugSlice.js","statementMap":{"0":{"start":{"line":6,"column":21},"end":{"line":11,"column":1}},"1":{"start":{"line":18,"column":17},"end":{"line":60,"column":2}},"2":{"start":{"line":28,"column":6},"end":{"line":28,"column":38}},"3":{"start":{"line":35,"column":20},"end":{"line":35,"column":79}},"4":{"start":{"line":35,"column":50},"end":{"line":35,"column":78}},"5":{"start":{"line":36,"column":6},"end":{"line":36,"column":40}},"6":{"start":{"line":39,"column":20},"end":{"line":39,"column":79}},"7":{"start":{"line":39,"column":50},"end":{"line":39,"column":78}},"8":{"start":{"line":40,"column":6},"end":{"line":40,"column":34}},"9":{"start":{"line":43,"column":36},"end":{"line":43,"column":50}},"10":{"start":{"line":44,"column":20},"end":{"line":44,"column":67}},"11":{"start":{"line":44,"column":50},"end":{"line":44,"column":66}},"12":{"start":{"line":45,"column":6},"end":{"line":45,"column":40}},"13":{"start":{"line":49,"column":6},"end":{"line":49,"column":34}},"14":{"start":{"line":50,"column":6},"end":{"line":50,"column":29}},"15":{"start":{"line":51,"column":6},"end":{"line":51,"column":34}},"16":{"start":{"line":54,"column":6},"end":{"line":54,"column":27}},"17":{"start":{"line":57,"column":6},"end":{"line":57,"column":28}},"18":{"start":{"line":74,"column":2},"end":{"line":74,"column":18}},"19":{"start":{"line":81,"column":12},"end":{"line":81,"column":19}},"20":{"start":{"line":94,"column":24},"end":{"line":111,"column":1}},"21":{"start":{"line":94,"column":30},"end":{"line":111,"column":1}},"22":{"start":{"line":96,"column":22},"end":{"line":96,"column":46}},"23":{"start":{"line":98,"column":20},"end":{"line":98,"column":63}},"24":{"start":{"line":101,"column":2},"end":{"line":101,"column":29}},"25":{"start":{"line":101,"column":22},"end":{"line":101,"column":29}},"26":{"start":{"line":105,"column":2},"end":{"line":110,"column":6}},"27":{"start":{"line":114,"column":33},"end":{"line":117,"column":1}},"28":{"start":{"line":115,"column":13},"end":{"line":115,"column":37}},"29":{"start":{"line":116,"column":12},"end":{"line":116,"column":47}},"30":{"start":{"line":116,"column":33},"end":{"line":116,"column":46}},"31":{"start":{"line":119,"column":31},"end":{"line":122,"column":1}},"32":{"start":{"line":120,"column":13},"end":{"line":120,"column":37}},"33":{"start":{"line":121,"column":12},"end":{"line":121,"column":46}},"34":{"start":{"line":121,"column":33},"end":{"line":121,"column":45}},"35":{"start":{"line":130,"column":29},"end":{"line":134,"column":3}},"36":{"start":{"line":131,"column":2},"end":{"line":134,"column":3}},"37":{"start":{"line":132,"column":15},"end":{"line":132,"column":39}},"38":{"start":{"line":133,"column":14},"end":{"line":133,"column":57}},"39":{"start":{"line":133,"column":35},"end":{"line":133,"column":56}},"40":{"start":{"line":141,"column":22},"end":{"line":146,"column":2}},"41":{"start":{"line":141,"column":29},"end":{"line":146,"column":2}},"42":{"start":{"line":172,"column":26},"end":{"line":177,"column":2}},"43":{"start":{"line":172,"column":32},"end":{"line":177,"column":2}},"44":{"start":{"line":180,"column":31},"end":{"line":185,"column":2}},"45":{"start":{"line":180,"column":50},"end":{"line":185,"column":2}}},"fnMap":{"0":{"name":"(anonymous_0)","decl":{"start":{"line":22,"column":14},"end":{"line":22,"column":15}},"loc":{"start":{"line":22,"column":33},"end":{"line":30,"column":5}},"line":22},"1":{"name":"(anonymous_1)","decl":{"start":{"line":34,"column":17},"end":{"line":34,"column":18}},"loc":{"start":{"line":34,"column":36},"end":{"line":37,"column":5}},"line":34},"2":{"name":"(anonymous_2)","decl":{"start":{"line":35,"column":41},"end":{"line":35,"column":42}},"loc":{"start":{"line":35,"column":50},"end":{"line":35,"column":78}},"line":35},"3":{"name":"(anonymous_3)","decl":{"start":{"line":38,"column":17},"end":{"line":38,"column":18}},"loc":{"start":{"line":38,"column":36},"end":{"line":41,"column":5}},"line":38},"4":{"name":"(anonymous_4)","decl":{"start":{"line":39,"column":41},"end":{"line":39,"column":42}},"loc":{"start":{"line":39,"column":50},"end":{"line":39,"column":78}},"line":39},"5":{"name":"(anonymous_5)","decl":{"start":{"line":42,"column":24},"end":{"line":42,"column":25}},"loc":{"start":{"line":42,"column":43},"end":{"line":46,"column":5}},"line":42},"6":{"name":"(anonymous_6)","decl":{"start":{"line":44,"column":41},"end":{"line":44,"column":42}},"loc":{"start":{"line":44,"column":50},"end":{"line":44,"column":66}},"line":44},"7":{"name":"(anonymous_7)","decl":{"start":{"line":48,"column":18},"end":{"line":48,"column":19}},"loc":{"start":{"line":48,"column":37},"end":{"line":52,"column":5}},"line":48},"8":{"name":"(anonymous_8)","decl":{"start":{"line":53,"column":19},"end":{"line":53,"column":20}},"loc":{"start":{"line":53,"column":38},"end":{"line":55,"column":5}},"line":53},"9":{"name":"(anonymous_9)","decl":{"start":{"line":56,"column":23},"end":{"line":56,"column":24}},"loc":{"start":{"line":56,"column":42},"end":{"line":58,"column":5}},"line":56},"10":{"name":"(anonymous_10)","decl":{"start":{"line":94,"column":24},"end":{"line":94,"column":25}},"loc":{"start":{"line":94,"column":30},"end":{"line":111,"column":1}},"line":94},"11":{"name":"(anonymous_11)","decl":{"start":{"line":94,"column":30},"end":{"line":94,"column":31}},"loc":{"start":{"line":94,"column":54},"end":{"line":111,"column":1}},"line":94},"12":{"name":"(anonymous_12)","decl":{"start":{"line":115,"column":2},"end":{"line":115,"column":3}},"loc":{"start":{"line":115,"column":13},"end":{"line":115,"column":37}},"line":115},"13":{"name":"(anonymous_13)","decl":{"start":{"line":116,"column":2},"end":{"line":116,"column":3}},"loc":{"start":{"line":116,"column":12},"end":{"line":116,"column":47}},"line":116},"14":{"name":"(anonymous_14)","decl":{"start":{"line":116,"column":24},"end":{"line":116,"column":25}},"loc":{"start":{"line":116,"column":33},"end":{"line":116,"column":46}},"line":116},"15":{"name":"(anonymous_15)","decl":{"start":{"line":120,"column":2},"end":{"line":120,"column":3}},"loc":{"start":{"line":120,"column":13},"end":{"line":120,"column":37}},"line":120},"16":{"name":"(anonymous_16)","decl":{"start":{"line":121,"column":2},"end":{"line":121,"column":3}},"loc":{"start":{"line":121,"column":12},"end":{"line":121,"column":46}},"line":121},"17":{"name":"(anonymous_17)","decl":{"start":{"line":121,"column":24},"end":{"line":121,"column":25}},"loc":{"start":{"line":121,"column":33},"end":{"line":121,"column":45}},"line":121},"18":{"name":"(anonymous_18)","decl":{"start":{"line":130,"column":29},"end":{"line":130,"column":30}},"loc":{"start":{"line":131,"column":2},"end":{"line":134,"column":3}},"line":131},"19":{"name":"(anonymous_19)","decl":{"start":{"line":132,"column":4},"end":{"line":132,"column":5}},"loc":{"start":{"line":132,"column":15},"end":{"line":132,"column":39}},"line":132},"20":{"name":"(anonymous_20)","decl":{"start":{"line":133,"column":4},"end":{"line":133,"column":5}},"loc":{"start":{"line":133,"column":14},"end":{"line":133,"column":57}},"line":133},"21":{"name":"(anonymous_21)","decl":{"start":{"line":133,"column":26},"end":{"line":133,"column":27}},"loc":{"start":{"line":133,"column":35},"end":{"line":133,"column":56}},"line":133},"22":{"name":"(anonymous_22)","decl":{"start":{"line":141,"column":22},"end":{"line":141,"column":23}},"loc":{"start":{"line":141,"column":29},"end":{"line":146,"column":2}},"line":141},"23":{"name":"(anonymous_23)","decl":{"start":{"line":172,"column":26},"end":{"line":172,"column":27}},"loc":{"start":{"line":172,"column":32},"end":{"line":177,"column":2}},"line":172},"24":{"name":"(anonymous_24)","decl":{"start":{"line":180,"column":31},"end":{"line":180,"column":32}},"loc":{"start":{"line":180,"column":50},"end":{"line":185,"column":2}},"line":180}},"branchMap":{"0":{"loc":{"start":{"line":101,"column":2},"end":{"line":101,"column":29}},"type":"if","locations":[{"start":{"line":101,"column":2},"end":{"line":101,"column":29}},{"start":{},"end":{}}],"line":101}},"s":{"0":1,"1":1,"2":1,"3":0,"4":0,"5":0,"6":0,"7":0,"8":0,"9":0,"10":0,"11":0,"12":0,"13":0,"14":0,"15":0,"16":0,"17":0,"18":1,"19":1,"20":1,"21":0,"22":0,"23":0,"24":0,"25":0,"26":0,"27":1,"28":0,"29":0,"30":0,"31":1,"32":0,"33":0,"34":0,"35":1,"36":0,"37":0,"38":0,"39":0,"40":1,"41":2,"42":1,"43":0,"44":1,"45":0},"f":{"0":1,"1":0,"2":0,"3":0,"4":0,"5":0,"6":0,"7":0,"8":0,"9":0,"10":0,"11":0,"12":0,"13":0,"14":0,"15":0,"16":0,"17":0,"18":0,"19":0,"20":0,"21":0,"22":2,"23":0,"24":0},"b":{"0":[0,0]},"_coverageSchema":"1a1c01bbd47fc00a2c39e90264f33305004495a9","hash":"a69243b06368322f13dc582d109762b8eaddf5cb"}
,"/Users/saeednajafi/Desktop/Development/redux/reduxtoolkitcourse/src/store/configureStore.js": {"path":"/Users/saeednajafi/Desktop/Development/redux/reduxtoolkitcourse/src/store/configureStore.js","statementMap":{"0":{"start":{"line":8,"column":2},"end":{"line":17,"column":6}}},"fnMap":{"0":{"name":"(anonymous_0)","decl":{"start":{"line":7,"column":15},"end":{"line":7,"column":16}},"loc":{"start":{"line":7,"column":27},"end":{"line":18,"column":1}},"line":7}},"branchMap":{},"s":{"0":2},"f":{"0":2},"b":{},"_coverageSchema":"1a1c01bbd47fc00a2c39e90264f33305004495a9","hash":"a00763247ab94f76893eb69d9c76a7e751f1d864"}
,"/Users/saeednajafi/Desktop/Development/redux/reduxtoolkitcourse/src/store/entities.js": {"path":"/Users/saeednajafi/Desktop/Development/redux/reduxtoolkitcourse/src/store/entities.js","statementMap":{},"fnMap":{},"branchMap":{},"s":{},"f":{},"b":{},"_coverageSchema":"1a1c01bbd47fc00a2c39e90264f33305004495a9","hash":"07f529d28a8f4706491a86ef28f5bb0ff6f5948f"}
,"/Users/saeednajafi/Desktop/Development/redux/reduxtoolkitcourse/src/store/projectSlice.js": {"path":"/Users/saeednajafi/Desktop/Development/redux/reduxtoolkitcourse/src/store/projectSlice.js","statementMap":{"0":{"start":{"line":3,"column":16},"end":{"line":3,"column":17}},"1":{"start":{"line":5,"column":21},"end":{"line":7,"column":1}},"2":{"start":{"line":9,"column":21},"end":{"line":34,"column":2}},"3":{"start":{"line":14,"column":6},"end":{"line":17,"column":9}},"4":{"start":{"line":20,"column":20},"end":{"line":22,"column":7}},"5":{"start":{"line":21,"column":21},"end":{"line":21,"column":53}},"6":{"start":{"line":23,"column":6},"end":{"line":23,"column":38}},"7":{"start":{"line":26,"column":35},"end":{"line":26,"column":49}},"8":{"start":{"line":27,"column":6},"end":{"line":27,"column":42}},"9":{"start":{"line":28,"column":20},"end":{"line":30,"column":7}},"10":{"start":{"line":29,"column":21},"end":{"line":29,"column":45}},"11":{"start":{"line":31,"column":6},"end":{"line":31,"column":42}},"12":{"start":{"line":36,"column":2},"end":{"line":36,"column":22}}},"fnMap":{"0":{"name":"(anonymous_0)","decl":{"start":{"line":13,"column":18},"end":{"line":13,"column":19}},"loc":{"start":{"line":13,"column":37},"end":{"line":18,"column":5}},"line":13},"1":{"name":"(anonymous_1)","decl":{"start":{"line":19,"column":20},"end":{"line":19,"column":21}},"loc":{"start":{"line":19,"column":39},"end":{"line":24,"column":5}},"line":19},"2":{"name":"(anonymous_2)","decl":{"start":{"line":21,"column":8},"end":{"line":21,"column":9}},"loc":{"start":{"line":21,"column":21},"end":{"line":21,"column":53}},"line":21},"3":{"name":"(anonymous_3)","decl":{"start":{"line":25,"column":27},"end":{"line":25,"column":28}},"loc":{"start":{"line":25,"column":46},"end":{"line":32,"column":5}},"line":25},"4":{"name":"(anonymous_4)","decl":{"start":{"line":29,"column":8},"end":{"line":29,"column":9}},"loc":{"start":{"line":29,"column":21},"end":{"line":29,"column":45}},"line":29}},"branchMap":{},"s":{"0":1,"1":1,"2":1,"3":0,"4":0,"5":0,"6":0,"7":0,"8":0,"9":0,"10":0,"11":0,"12":1},"f":{"0":0,"1":0,"2":0,"3":0,"4":0},"b":{},"_coverageSchema":"1a1c01bbd47fc00a2c39e90264f33305004495a9","hash":"c22e8c6c167ba59873e3db655a11ed5c2f8a550f"}
,"/Users/saeednajafi/Desktop/Development/redux/reduxtoolkitcourse/src/store/reducer.js": {"path":"/Users/saeednajafi/Desktop/Development/redux/reduxtoolkitcourse/src/store/reducer.js","statementMap":{},"fnMap":{},"branchMap":{},"s":{},"f":{},"b":{},"_coverageSchema":"1a1c01bbd47fc00a2c39e90264f33305004495a9","hash":"9b2327816b6be6aaefbf0ceca292a14ea426056b"}
,"/Users/saeednajafi/Desktop/Development/redux/reduxtoolkitcourse/src/store/userSlice.js": {"path":"/Users/saeednajafi/Desktop/Development/redux/reduxtoolkitcourse/src/store/userSlice.js","statementMap":{"0":{"start":{"line":3,"column":13},"end":{"line":3,"column":14}},"1":{"start":{"line":5,"column":21},"end":{"line":7,"column":1}},"2":{"start":{"line":9,"column":19},"end":{"line":20,"column":2}},"3":{"start":{"line":14,"column":6},"end":{"line":17,"column":9}},"4":{"start":{"line":22,"column":27},"end":{"line":22,"column":45}}},"fnMap":{"0":{"name":"(anonymous_0)","decl":{"start":{"line":13,"column":13},"end":{"line":13,"column":14}},"loc":{"start":{"line":13,"column":32},"end":{"line":18,"column":5}},"line":13}},"branchMap":{},"s":{"0":1,"1":1,"2":1,"3":0,"4":1},"f":{"0":0},"b":{},"_coverageSchema":"1a1c01bbd47fc00a2c39e90264f33305004495a9","hash":"c9146aa190e3bb493debf55ad7803e702dc55a54"}
,"/Users/saeednajafi/Desktop/Development/redux/reduxtoolkitcourse/src/store/middleware/api.js": {"path":"/Users/saeednajafi/Desktop/Development/redux/reduxtoolkitcourse/src/store/middleware/api.js","statementMap":{"0":{"start":{"line":28,"column":12},"end":{"line":70,"column":1}},"1":{"start":{"line":28,"column":38},"end":{"line":70,"column":1}},"2":{"start":{"line":28,"column":46},"end":{"line":70,"column":1}},"3":{"start":{"line":32,"column":4},"end":{"line":35,"column":5}},"4":{"start":{"line":34,"column":8},"end":{"line":34,"column":27}},"5":{"start":{"line":39,"column":61},"end":{"line":39,"column":75}},"6":{"start":{"line":41,"column":4},"end":{"line":42,"column":34}},"7":{"start":{"line":42,"column":8},"end":{"line":42,"column":34}},"8":{"start":{"line":44,"column":4},"end":{"line":44,"column":17}},"9":{"start":{"line":49,"column":4},"end":{"line":69,"column":5}},"10":{"start":{"line":50,"column":25},"end":{"line":55,"column":10}},"11":{"start":{"line":57,"column":8},"end":{"line":57,"column":55}},"12":{"start":{"line":60,"column":8},"end":{"line":61,"column":63}},"13":{"start":{"line":61,"column":12},"end":{"line":61,"column":63}},"14":{"start":{"line":65,"column":8},"end":{"line":65,"column":55}},"15":{"start":{"line":67,"column":8},"end":{"line":68,"column":62}},"16":{"start":{"line":68,"column":12},"end":{"line":68,"column":62}}},"fnMap":{"0":{"name":"(anonymous_0)","decl":{"start":{"line":28,"column":12},"end":{"line":28,"column":13}},"loc":{"start":{"line":28,"column":38},"end":{"line":70,"column":1}},"line":28},"1":{"name":"(anonymous_1)","decl":{"start":{"line":28,"column":38},"end":{"line":28,"column":39}},"loc":{"start":{"line":28,"column":46},"end":{"line":70,"column":1}},"line":28},"2":{"name":"(anonymous_2)","decl":{"start":{"line":28,"column":46},"end":{"line":28,"column":47}},"loc":{"start":{"line":28,"column":63},"end":{"line":70,"column":1}},"line":28}},"branchMap":{"0":{"loc":{"start":{"line":32,"column":4},"end":{"line":35,"column":5}},"type":"if","locations":[{"start":{"line":32,"column":4},"end":{"line":35,"column":5}},{"start":{},"end":{}}],"line":32},"1":{"loc":{"start":{"line":41,"column":4},"end":{"line":42,"column":34}},"type":"if","locations":[{"start":{"line":41,"column":4},"end":{"line":42,"column":34}},{"start":{},"end":{}}],"line":41},"2":{"loc":{"start":{"line":60,"column":8},"end":{"line":61,"column":63}},"type":"if","locations":[{"start":{"line":60,"column":8},"end":{"line":61,"column":63}},{"start":{},"end":{}}],"line":60},"3":{"loc":{"start":{"line":67,"column":8},"end":{"line":68,"column":62}},"type":"if","locations":[{"start":{"line":67,"column":8},"end":{"line":68,"column":62}},{"start":{},"end":{}}],"line":67}},"s":{"0":1,"1":2,"2":2,"3":5,"4":3,"5":2,"6":2,"7":0,"8":2,"9":2,"10":2,"11":1,"12":1,"13":1,"14":1,"15":1,"16":0},"f":{"0":2,"1":2,"2":5},"b":{"0":[3,2],"1":[0,2],"2":[1,0],"3":[0,1]},"_coverageSchema":"1a1c01bbd47fc00a2c39e90264f33305004495a9","hash":"bf669dc27b16530a5dccbd79e54a4e561d6b7f38"}
,"/Users/saeednajafi/Desktop/Development/redux/reduxtoolkitcourse/src/store/middleware/logger.js": {"path":"/Users/saeednajafi/Desktop/Development/redux/reduxtoolkitcourse/src/store/middleware/logger.js","statementMap":{"0":{"start":{"line":20,"column":15},"end":{"line":28,"column":1}},"1":{"start":{"line":20,"column":24},"end":{"line":28,"column":1}},"2":{"start":{"line":20,"column":33},"end":{"line":28,"column":1}},"3":{"start":{"line":20,"column":41},"end":{"line":28,"column":1}},"4":{"start":{"line":21,"column":4},"end":{"line":21,"column":33}},"5":{"start":{"line":25,"column":4},"end":{"line":25,"column":23}}},"fnMap":{"0":{"name":"(anonymous_0)","decl":{"start":{"line":20,"column":15},"end":{"line":20,"column":16}},"loc":{"start":{"line":20,"column":24},"end":{"line":28,"column":1}},"line":20},"1":{"name":"(anonymous_1)","decl":{"start":{"line":20,"column":24},"end":{"line":20,"column":25}},"loc":{"start":{"line":20,"column":33},"end":{"line":28,"column":1}},"line":20},"2":{"name":"(anonymous_2)","decl":{"start":{"line":20,"column":33},"end":{"line":20,"column":34}},"loc":{"start":{"line":20,"column":41},"end":{"line":28,"column":1}},"line":20},"3":{"name":"(anonymous_3)","decl":{"start":{"line":20,"column":41},"end":{"line":20,"column":42}},"loc":{"start":{"line":20,"column":51},"end":{"line":28,"column":1}},"line":20}},"branchMap":{},"s":{"0":1,"1":2,"2":2,"3":2,"4":5,"5":5},"f":{"0":2,"1":2,"2":2,"3":5},"b":{},"_coverageSchema":"1a1c01bbd47fc00a2c39e90264f33305004495a9","hash":"e3a6f9533bd6cfbe38370f70bce48834fe1b02bc"}
,"/Users/saeednajafi/Desktop/Development/redux/reduxtoolkitcourse/src/store/middleware/toast.js": {"path":"/Users/saeednajafi/Desktop/Development/redux/reduxtoolkitcourse/src/store/middleware/toast.js","statementMap":{"0":{"start":{"line":1,"column":14},"end":{"line":7,"column":1}},"1":{"start":{"line":1,"column":23},"end":{"line":7,"column":1}},"2":{"start":{"line":1,"column":31},"end":{"line":7,"column":1}},"3":{"start":{"line":2,"column":4},"end":{"line":5,"column":27}},"4":{"start":{"line":3,"column":8},"end":{"line":3,"column":55}},"5":{"start":{"line":5,"column":8},"end":{"line":5,"column":27}}},"fnMap":{"0":{"name":"(anonymous_0)","decl":{"start":{"line":1,"column":14},"end":{"line":1,"column":15}},"loc":{"start":{"line":1,"column":23},"end":{"line":7,"column":1}},"line":1},"1":{"name":"(anonymous_1)","decl":{"start":{"line":1,"column":23},"end":{"line":1,"column":24}},"loc":{"start":{"line":1,"column":31},"end":{"line":7,"column":1}},"line":1},"2":{"name":"(anonymous_2)","decl":{"start":{"line":1,"column":31},"end":{"line":1,"column":32}},"loc":{"start":{"line":1,"column":41},"end":{"line":7,"column":1}},"line":1}},"branchMap":{"0":{"loc":{"start":{"line":2,"column":4},"end":{"line":5,"column":27}},"type":"if","locations":[{"start":{"line":2,"column":4},"end":{"line":5,"column":27}},{"start":{"line":5,"column":8},"end":{"line":5,"column":27}}],"line":2}},"s":{"0":1,"1":2,"2":2,"3":5,"4":0,"5":5},"f":{"0":2,"1":2,"2":5},"b":{"0":[0,5]},"_coverageSchema":"1a1c01bbd47fc00a2c39e90264f33305004495a9","hash":"7a2aa35131c52fc9e71cd816d0159aeca3a9cc17"}
}
